  [1m[36m (3.3ms)[0m  [1mCREATE TABLE "schema_migrations" ("version" varchar(255) NOT NULL) [0m
  [1m[35m (3.5ms)[0m  CREATE UNIQUE INDEX "unique_schema_migrations" ON "schema_migrations" ("version")
  [1m[36mActiveRecord::SchemaMigration Load (0.2ms)[0m  [1mSELECT "schema_migrations".* FROM "schema_migrations"[0m
Migrating to CreatePosts (20141222183227)
  [1m[35m (0.2ms)[0m  begin transaction
  [1m[36m (0.6ms)[0m  [1mCREATE TABLE "posts" ("id" INTEGER PRIMARY KEY AUTOINCREMENT NOT NULL, "title" varchar(255), "body" text, "created_at" datetime, "updated_at" datetime) [0m
  [1m[35mSQL (0.3ms)[0m  INSERT INTO "schema_migrations" ("version") VALUES (?)  [["version", "20141222183227"]]
  [1m[36m (3.0ms)[0m  [1mcommit transaction[0m
Migrating to CreateComments (20141222194607)
  [1m[35m (0.1ms)[0m  begin transaction
  [1m[36m (0.6ms)[0m  [1mCREATE TABLE "comments" ("id" INTEGER PRIMARY KEY AUTOINCREMENT NOT NULL, "name" varchar(255), "body" text, "post_id" integer, "created_at" datetime, "updated_at" datetime) [0m
  [1m[35m (0.2ms)[0m  CREATE INDEX "index_comments_on_post_id" ON "comments" ("post_id")
  [1m[36mSQL (0.2ms)[0m  [1mINSERT INTO "schema_migrations" ("version") VALUES (?)[0m  [["version", "20141222194607"]]
  [1m[35m (3.3ms)[0m  commit transaction
Migrating to DeviseCreateUsers (20141222230844)
  [1m[36m (0.1ms)[0m  [1mbegin transaction[0m
  [1m[35m (0.5ms)[0m  CREATE TABLE "users" ("id" INTEGER PRIMARY KEY AUTOINCREMENT NOT NULL, "email" varchar(255) DEFAULT '' NOT NULL, "encrypted_password" varchar(255) DEFAULT '' NOT NULL, "reset_password_token" varchar(255), "reset_password_sent_at" datetime, "remember_created_at" datetime, "sign_in_count" integer DEFAULT 0 NOT NULL, "current_sign_in_at" datetime, "last_sign_in_at" datetime, "current_sign_in_ip" varchar(255), "last_sign_in_ip" varchar(255), "created_at" datetime, "updated_at" datetime) 
  [1m[36m (3.4ms)[0m  [1mCREATE UNIQUE INDEX "index_users_on_email" ON "users" ("email")[0m
  [1m[35m (0.2ms)[0m  CREATE UNIQUE INDEX "index_users_on_reset_password_token" ON "users" ("reset_password_token")
  [1m[36mSQL (0.1ms)[0m  [1mINSERT INTO "schema_migrations" ("version") VALUES (?)[0m  [["version", "20141222230844"]]
  [1m[35m (2.9ms)[0m  commit transaction
  [1m[36mActiveRecord::SchemaMigration Load (0.2ms)[0m  [1mSELECT "schema_migrations".* FROM "schema_migrations"[0m


Started GET "/" for 127.0.0.1 at 2015-12-18 05:30:30 -0500
  [1m[36mActiveRecord::SchemaMigration Load (0.2ms)[0m  [1mSELECT "schema_migrations".* FROM "schema_migrations"[0m
Processing by PostsController#index as HTML
  [1m[35mPost Load (2.3ms)[0m  SELECT "posts".* FROM "posts" ORDER BY created_at DESC
  Rendered posts/index.erb within layouts/application (7.9ms)
  [1m[36mUser Load (2.3ms)[0m  [1mSELECT "users".* FROM "users" WHERE "users"."id" = 1 ORDER BY "users"."id" ASC LIMIT 1[0m
Completed 200 OK in 1819ms (Views: 1783.5ms | ActiveRecord: 5.1ms)


Started GET "/assets/comments.css?body=1" for 127.0.0.1 at 2015-12-18 05:30:32 -0500


Started GET "/assets/application.css?body=1" for 127.0.0.1 at 2015-12-18 05:30:32 -0500


Started GET "/assets/jquery.js?body=1" for 127.0.0.1 at 2015-12-18 05:30:32 -0500


Started GET "/assets/_normalize.css?body=1" for 127.0.0.1 at 2015-12-18 05:30:32 -0500


Started GET "/assets/pages.css?body=1" for 127.0.0.1 at 2015-12-18 05:30:32 -0500


Started GET "/assets/posts.css?body=1" for 127.0.0.1 at 2015-12-18 05:30:33 -0500


Started GET "/assets/turbolinks.js?body=1" for 127.0.0.1 at 2015-12-18 05:30:33 -0500


Started GET "/assets/comments.js?body=1" for 127.0.0.1 at 2015-12-18 05:30:33 -0500


Started GET "/assets/jquery_ujs.js?body=1" for 127.0.0.1 at 2015-12-18 05:30:33 -0500


Started GET "/assets/pages.js?body=1" for 127.0.0.1 at 2015-12-18 05:30:33 -0500


Started GET "/assets/posts.js?body=1" for 127.0.0.1 at 2015-12-18 05:30:33 -0500


Started GET "/assets/application.js?body=1" for 127.0.0.1 at 2015-12-18 05:30:33 -0500


Started GET "/images/logo.svg" for 127.0.0.1 at 2015-12-18 05:30:33 -0500

ActionController::RoutingError (No route matches [GET] "/images/logo.svg"):
  actionpack (4.0.12) lib/action_dispatch/middleware/debug_exceptions.rb:21:in `call'
  actionpack (4.0.12) lib/action_dispatch/middleware/show_exceptions.rb:30:in `call'
  railties (4.0.12) lib/rails/rack/logger.rb:38:in `call_app'
  railties (4.0.12) lib/rails/rack/logger.rb:20:in `block in call'
  activesupport (4.0.12) lib/active_support/tagged_logging.rb:68:in `block in tagged'
  activesupport (4.0.12) lib/active_support/tagged_logging.rb:26:in `tagged'
  activesupport (4.0.12) lib/active_support/tagged_logging.rb:68:in `tagged'
  railties (4.0.12) lib/rails/rack/logger.rb:20:in `call'
  actionpack (4.0.12) lib/action_dispatch/middleware/request_id.rb:21:in `call'
  rack (1.5.2) lib/rack/methodoverride.rb:21:in `call'
  rack (1.5.2) lib/rack/runtime.rb:17:in `call'
  activesupport (4.0.12) lib/active_support/cache/strategy/local_cache.rb:83:in `call'
  rack (1.5.2) lib/rack/lock.rb:17:in `call'
  actionpack (4.0.12) lib/action_dispatch/middleware/static.rb:84:in `call'
  rack (1.5.2) lib/rack/sendfile.rb:112:in `call'
  railties (4.0.12) lib/rails/engine.rb:511:in `call'
  railties (4.0.12) lib/rails/application.rb:97:in `call'
  rack (1.5.2) lib/rack/lock.rb:17:in `call'
  rack (1.5.2) lib/rack/content_length.rb:14:in `call'
  rack (1.5.2) lib/rack/handler/webrick.rb:60:in `service'
  /usr/local/var/rbenv/versions/2.2.0/lib/ruby/2.2.0/webrick/httpserver.rb:138:in `service'
  /usr/local/var/rbenv/versions/2.2.0/lib/ruby/2.2.0/webrick/httpserver.rb:94:in `run'
  /usr/local/var/rbenv/versions/2.2.0/lib/ruby/2.2.0/webrick/server.rb:294:in `block in start_thread'


  Rendered /usr/local/var/rbenv/versions/2.2.0/lib/ruby/gems/2.2.0/gems/actionpack-4.0.12/lib/action_dispatch/middleware/templates/rescues/_trace.erb (1.2ms)
  Rendered /usr/local/var/rbenv/versions/2.2.0/lib/ruby/gems/2.2.0/gems/actionpack-4.0.12/lib/action_dispatch/middleware/templates/routes/_route.html.erb (3.1ms)
  Rendered /usr/local/var/rbenv/versions/2.2.0/lib/ruby/gems/2.2.0/gems/actionpack-4.0.12/lib/action_dispatch/middleware/templates/routes/_table.html.erb (14.8ms)
  Rendered /usr/local/var/rbenv/versions/2.2.0/lib/ruby/gems/2.2.0/gems/actionpack-4.0.12/lib/action_dispatch/middleware/templates/rescues/routing_error.erb within rescues/layout (124.1ms)


Started GET "/" for 127.0.0.1 at 2015-12-18 05:32:45 -0500
  [1m[36mActiveRecord::SchemaMigration Load (0.2ms)[0m  [1mSELECT "schema_migrations".* FROM "schema_migrations"[0m
Processing by PostsController#index as HTML
  [1m[35mPost Load (2.7ms)[0m  SELECT "posts".* FROM "posts" ORDER BY created_at DESC
  Rendered posts/index.erb within layouts/application (7.0ms)
Completed 200 OK in 184ms (Views: 156.0ms | ActiveRecord: 2.7ms)


Started GET "/assets/application.css?body=1" for 127.0.0.1 at 2015-12-18 05:32:46 -0500


Started GET "/assets/jquery.js?body=1" for 127.0.0.1 at 2015-12-18 05:32:46 -0500


Started GET "/assets/pages.css?body=1" for 127.0.0.1 at 2015-12-18 05:32:46 -0500


Started GET "/assets/comments.css?body=1" for 127.0.0.1 at 2015-12-18 05:32:46 -0500


Started GET "/assets/posts.css?body=1" for 127.0.0.1 at 2015-12-18 05:32:46 -0500


Started GET "/assets/_normalize.css?body=1" for 127.0.0.1 at 2015-12-18 05:32:46 -0500


Started GET "/assets/jquery_ujs.js?body=1" for 127.0.0.1 at 2015-12-18 05:32:46 -0500


Started GET "/assets/turbolinks.js?body=1" for 127.0.0.1 at 2015-12-18 05:32:46 -0500


Started GET "/assets/comments.js?body=1" for 127.0.0.1 at 2015-12-18 05:32:46 -0500


Started GET "/assets/pages.js?body=1" for 127.0.0.1 at 2015-12-18 05:32:46 -0500


Started GET "/assets/posts.js?body=1" for 127.0.0.1 at 2015-12-18 05:32:46 -0500


Started GET "/assets/application.js?body=1" for 127.0.0.1 at 2015-12-18 05:32:46 -0500


Started GET "/" for 127.0.0.1 at 2015-12-18 05:32:51 -0500
Processing by PostsController#index as HTML
  [1m[36mPost Load (0.1ms)[0m  [1mSELECT "posts".* FROM "posts" ORDER BY created_at DESC[0m
  Rendered posts/index.erb within layouts/application (0.8ms)
Completed 200 OK in 15ms (Views: 14.5ms | ActiveRecord: 0.1ms)


Started GET "/users/sign_in" for 127.0.0.1 at 2015-12-18 05:32:54 -0500
Processing by Devise::SessionsController#new as HTML
  Rendered devise/shared/_links.erb (2.6ms)
  Rendered devise/sessions/new.html.erb within layouts/application (84.3ms)
Completed 200 OK in 123ms (Views: 104.6ms | ActiveRecord: 0.7ms)


Started GET "/about" for 127.0.0.1 at 2015-12-18 05:32:58 -0500
Processing by PagesController#about as HTML
  Rendered pages/about.erb within layouts/application (4.1ms)
Completed 200 OK in 23ms (Views: 21.9ms | ActiveRecord: 0.0ms)


Started GET "/images/profile.jpeg" for 127.0.0.1 at 2015-12-18 05:32:58 -0500

ActionController::RoutingError (No route matches [GET] "/images/profile.jpeg"):
  actionpack (4.0.12) lib/action_dispatch/middleware/debug_exceptions.rb:21:in `call'
  actionpack (4.0.12) lib/action_dispatch/middleware/show_exceptions.rb:30:in `call'
  railties (4.0.12) lib/rails/rack/logger.rb:38:in `call_app'
  railties (4.0.12) lib/rails/rack/logger.rb:20:in `block in call'
  activesupport (4.0.12) lib/active_support/tagged_logging.rb:68:in `block in tagged'
  activesupport (4.0.12) lib/active_support/tagged_logging.rb:26:in `tagged'
  activesupport (4.0.12) lib/active_support/tagged_logging.rb:68:in `tagged'
  railties (4.0.12) lib/rails/rack/logger.rb:20:in `call'
  actionpack (4.0.12) lib/action_dispatch/middleware/request_id.rb:21:in `call'
  rack (1.5.2) lib/rack/methodoverride.rb:21:in `call'
  rack (1.5.2) lib/rack/runtime.rb:17:in `call'
  activesupport (4.0.12) lib/active_support/cache/strategy/local_cache.rb:83:in `call'
  rack (1.5.2) lib/rack/lock.rb:17:in `call'
  actionpack (4.0.12) lib/action_dispatch/middleware/static.rb:84:in `call'
  rack (1.5.2) lib/rack/sendfile.rb:112:in `call'
  railties (4.0.12) lib/rails/engine.rb:511:in `call'
  railties (4.0.12) lib/rails/application.rb:97:in `call'
  rack (1.5.2) lib/rack/lock.rb:17:in `call'
  rack (1.5.2) lib/rack/content_length.rb:14:in `call'
  rack (1.5.2) lib/rack/handler/webrick.rb:60:in `service'
  /usr/local/var/rbenv/versions/2.2.0/lib/ruby/2.2.0/webrick/httpserver.rb:138:in `service'
  /usr/local/var/rbenv/versions/2.2.0/lib/ruby/2.2.0/webrick/httpserver.rb:94:in `run'
  /usr/local/var/rbenv/versions/2.2.0/lib/ruby/2.2.0/webrick/server.rb:294:in `block in start_thread'


  Rendered /usr/local/var/rbenv/versions/2.2.0/lib/ruby/gems/2.2.0/gems/actionpack-4.0.12/lib/action_dispatch/middleware/templates/rescues/_trace.erb (1.8ms)
  Rendered /usr/local/var/rbenv/versions/2.2.0/lib/ruby/gems/2.2.0/gems/actionpack-4.0.12/lib/action_dispatch/middleware/templates/routes/_route.html.erb (3.2ms)
  Rendered /usr/local/var/rbenv/versions/2.2.0/lib/ruby/gems/2.2.0/gems/actionpack-4.0.12/lib/action_dispatch/middleware/templates/routes/_table.html.erb (5.2ms)
  Rendered /usr/local/var/rbenv/versions/2.2.0/lib/ruby/gems/2.2.0/gems/actionpack-4.0.12/lib/action_dispatch/middleware/templates/rescues/routing_error.erb within rescues/layout (101.4ms)


Started GET "/" for 127.0.0.1 at 2015-12-18 05:35:14 -0500
  [1m[36mActiveRecord::SchemaMigration Load (0.1ms)[0m  [1mSELECT "schema_migrations".* FROM "schema_migrations"[0m
Processing by PostsController#index as HTML
  [1m[35mPost Load (0.2ms)[0m  SELECT "posts".* FROM "posts" ORDER BY created_at DESC
  Rendered posts/index.erb within layouts/application (2.3ms)
Completed 200 OK in 92ms (Views: 77.7ms | ActiveRecord: 0.2ms)


Started GET "/assets/_normalize.css?body=1" for 127.0.0.1 at 2015-12-18 05:35:14 -0500


Started GET "/assets/application.css?body=1" for 127.0.0.1 at 2015-12-18 05:35:14 -0500


Started GET "/assets/pages.css?body=1" for 127.0.0.1 at 2015-12-18 05:35:14 -0500


Started GET "/assets/comments.css?body=1" for 127.0.0.1 at 2015-12-18 05:35:14 -0500


Started GET "/assets/posts.css?body=1" for 127.0.0.1 at 2015-12-18 05:35:14 -0500


Started GET "/assets/jquery.js?body=1" for 127.0.0.1 at 2015-12-18 05:35:14 -0500


Started GET "/assets/jquery_ujs.js?body=1" for 127.0.0.1 at 2015-12-18 05:35:14 -0500


Started GET "/assets/turbolinks.js?body=1" for 127.0.0.1 at 2015-12-18 05:35:14 -0500


Started GET "/assets/comments.js?body=1" for 127.0.0.1 at 2015-12-18 05:35:14 -0500


Started GET "/assets/pages.js?body=1" for 127.0.0.1 at 2015-12-18 05:35:14 -0500


Started GET "/assets/posts.js?body=1" for 127.0.0.1 at 2015-12-18 05:35:14 -0500


Started GET "/assets/application.js?body=1" for 127.0.0.1 at 2015-12-18 05:35:14 -0500


Started GET "/users/sign_in" for 127.0.0.1 at 2015-12-18 05:35:18 -0500
Processing by Devise::SessionsController#new as HTML
  Rendered devise/shared/_links.erb (1.5ms)
  Rendered devise/sessions/new.html.erb within layouts/application (23.7ms)
Completed 200 OK in 49ms (Views: 38.1ms | ActiveRecord: 0.4ms)
  [1m[36m (20.8ms)[0m  [1mCREATE TABLE "schema_migrations" ("version" character varying(255) NOT NULL) [0m
  [1m[35m (9.0ms)[0m  CREATE UNIQUE INDEX "unique_schema_migrations" ON "schema_migrations" ("version")
  [1m[36mActiveRecord::SchemaMigration Load (0.8ms)[0m  [1mSELECT "schema_migrations".* FROM "schema_migrations"[0m
Migrating to CreatePosts (20141222183227)
  [1m[35m (3.2ms)[0m  BEGIN
  [1m[36m (28.6ms)[0m  [1mCREATE TABLE "posts" ("id" serial primary key, "title" character varying(255), "body" text, "created_at" timestamp, "updated_at" timestamp) [0m
  [1m[35mSQL (7.3ms)[0m  INSERT INTO "schema_migrations" ("version") VALUES ($1)  [["version", "20141222183227"]]
  [1m[36m (3.2ms)[0m  [1mCOMMIT[0m
Migrating to CreateComments (20141222194607)
  [1m[35m (0.4ms)[0m  BEGIN
  [1m[36m (11.6ms)[0m  [1mCREATE TABLE "comments" ("id" serial primary key, "name" character varying(255), "body" text, "post_id" integer, "created_at" timestamp, "updated_at" timestamp) [0m
  [1m[35m (4.0ms)[0m  CREATE INDEX "index_comments_on_post_id" ON "comments" ("post_id")
  [1m[36mSQL (2.8ms)[0m  [1mINSERT INTO "schema_migrations" ("version") VALUES ($1)[0m  [["version", "20141222194607"]]
  [1m[35m (3.6ms)[0m  COMMIT
Migrating to DeviseCreateUsers (20141222230844)
  [1m[36m (0.3ms)[0m  [1mBEGIN[0m
  [1m[35m (9.8ms)[0m  CREATE TABLE "users" ("id" serial primary key, "email" character varying(255) DEFAULT '' NOT NULL, "encrypted_password" character varying(255) DEFAULT '' NOT NULL, "reset_password_token" character varying(255), "reset_password_sent_at" timestamp, "remember_created_at" timestamp, "sign_in_count" integer DEFAULT 0 NOT NULL, "current_sign_in_at" timestamp, "last_sign_in_at" timestamp, "current_sign_in_ip" character varying(255), "last_sign_in_ip" character varying(255), "created_at" timestamp, "updated_at" timestamp) 
  [1m[36m (3.1ms)[0m  [1mCREATE UNIQUE INDEX "index_users_on_email" ON "users" ("email")[0m
  [1m[35m (5.6ms)[0m  CREATE UNIQUE INDEX "index_users_on_reset_password_token" ON "users" ("reset_password_token")
  [1m[36mSQL (0.3ms)[0m  [1mINSERT INTO "schema_migrations" ("version") VALUES ($1)[0m  [["version", "20141222230844"]]
  [1m[35m (4.9ms)[0m  COMMIT
  [1m[36mActiveRecord::SchemaMigration Load (0.3ms)[0m  [1mSELECT "schema_migrations".* FROM "schema_migrations"[0m


Started GET "/" for 127.0.0.1 at 2015-12-18 05:40:14 -0500
  [1m[36mActiveRecord::SchemaMigration Load (0.6ms)[0m  [1mSELECT "schema_migrations".* FROM "schema_migrations"[0m
Processing by PostsController#index as HTML
  [1m[35mPost Load (4.8ms)[0m  SELECT "posts".* FROM "posts" ORDER BY created_at DESC
  Rendered posts/index.erb within layouts/application (13.8ms)
Completed 200 OK in 244ms (Views: 210.0ms | ActiveRecord: 4.8ms)


Started GET "/assets/comments.css?body=1" for 127.0.0.1 at 2015-12-18 05:40:14 -0500


Started GET "/assets/posts.css?body=1" for 127.0.0.1 at 2015-12-18 05:40:14 -0500


Started GET "/assets/application.css?body=1" for 127.0.0.1 at 2015-12-18 05:40:14 -0500


Started GET "/assets/_normalize.css?body=1" for 127.0.0.1 at 2015-12-18 05:40:14 -0500


Started GET "/assets/jquery.js?body=1" for 127.0.0.1 at 2015-12-18 05:40:14 -0500


Started GET "/assets/pages.css?body=1" for 127.0.0.1 at 2015-12-18 05:40:14 -0500


Started GET "/assets/jquery_ujs.js?body=1" for 127.0.0.1 at 2015-12-18 05:40:14 -0500


Started GET "/assets/turbolinks.js?body=1" for 127.0.0.1 at 2015-12-18 05:40:14 -0500


Started GET "/assets/comments.js?body=1" for 127.0.0.1 at 2015-12-18 05:40:14 -0500


Started GET "/assets/pages.js?body=1" for 127.0.0.1 at 2015-12-18 05:40:14 -0500


Started GET "/assets/posts.js?body=1" for 127.0.0.1 at 2015-12-18 05:40:14 -0500


Started GET "/assets/application.js?body=1" for 127.0.0.1 at 2015-12-18 05:40:15 -0500
  [1m[36m (5.5ms)[0m  [1mCREATE TABLE "schema_migrations" ("version" character varying(255) NOT NULL) [0m
  [1m[35m (7.9ms)[0m  CREATE UNIQUE INDEX "unique_schema_migrations" ON "schema_migrations" ("version")
  [1m[36mActiveRecord::SchemaMigration Load (0.8ms)[0m  [1mSELECT "schema_migrations".* FROM "schema_migrations"[0m
Migrating to CreatePosts (20141222183227)
  [1m[35m (0.2ms)[0m  BEGIN
  [1m[36m (15.5ms)[0m  [1mCREATE TABLE "posts" ("id" serial primary key, "title" character varying(255), "body" text, "created_at" timestamp, "updated_at" timestamp) [0m
  [1m[35mSQL (0.9ms)[0m  INSERT INTO "schema_migrations" ("version") VALUES ($1)  [["version", "20141222183227"]]
  [1m[36m (2.2ms)[0m  [1mCOMMIT[0m
Migrating to CreateComments (20141222194607)
  [1m[35m (0.3ms)[0m  BEGIN
  [1m[36m (10.2ms)[0m  [1mCREATE TABLE "comments" ("id" serial primary key, "name" character varying(255), "body" text, "post_id" integer, "created_at" timestamp, "updated_at" timestamp) [0m
  [1m[35m (3.3ms)[0m  CREATE INDEX "index_comments_on_post_id" ON "comments" ("post_id")
  [1m[36mSQL (0.4ms)[0m  [1mINSERT INTO "schema_migrations" ("version") VALUES ($1)[0m  [["version", "20141222194607"]]
  [1m[35m (2.4ms)[0m  COMMIT
Migrating to DeviseCreateUsers (20141222230844)
  [1m[36m (0.5ms)[0m  [1mBEGIN[0m
  [1m[35m (13.9ms)[0m  CREATE TABLE "users" ("id" serial primary key, "email" character varying(255) DEFAULT '' NOT NULL, "encrypted_password" character varying(255) DEFAULT '' NOT NULL, "reset_password_token" character varying(255), "reset_password_sent_at" timestamp, "remember_created_at" timestamp, "sign_in_count" integer DEFAULT 0 NOT NULL, "current_sign_in_at" timestamp, "last_sign_in_at" timestamp, "current_sign_in_ip" character varying(255), "last_sign_in_ip" character varying(255), "created_at" timestamp, "updated_at" timestamp) 
  [1m[36m (3.5ms)[0m  [1mCREATE UNIQUE INDEX "index_users_on_email" ON "users" ("email")[0m
  [1m[35m (3.4ms)[0m  CREATE UNIQUE INDEX "index_users_on_reset_password_token" ON "users" ("reset_password_token")
  [1m[36mSQL (0.4ms)[0m  [1mINSERT INTO "schema_migrations" ("version") VALUES ($1)[0m  [["version", "20141222230844"]]
  [1m[35m (2.4ms)[0m  COMMIT
  [1m[36mActiveRecord::SchemaMigration Load (0.4ms)[0m  [1mSELECT "schema_migrations".* FROM "schema_migrations"[0m
  [1m[36m (4.7ms)[0m  [1mCREATE TABLE "schema_migrations" ("version" character varying(255) NOT NULL) [0m
  [1m[35m (3.7ms)[0m  CREATE UNIQUE INDEX "unique_schema_migrations" ON "schema_migrations" ("version")
  [1m[36mActiveRecord::SchemaMigration Load (0.4ms)[0m  [1mSELECT "schema_migrations".* FROM "schema_migrations"[0m
Migrating to CreatePosts (20141222183227)
  [1m[35m (0.2ms)[0m  BEGIN
  [1m[36m (10.8ms)[0m  [1mCREATE TABLE "posts" ("id" serial primary key, "title" character varying(255), "body" text, "created_at" timestamp, "updated_at" timestamp) [0m
  [1m[35mSQL (0.9ms)[0m  INSERT INTO "schema_migrations" ("version") VALUES ($1)  [["version", "20141222183227"]]
  [1m[36m (2.5ms)[0m  [1mCOMMIT[0m
Migrating to CreateComments (20141222194607)
  [1m[35m (0.4ms)[0m  BEGIN
  [1m[36m (9.6ms)[0m  [1mCREATE TABLE "comments" ("id" serial primary key, "name" character varying(255), "body" text, "post_id" integer, "created_at" timestamp, "updated_at" timestamp) [0m
  [1m[35m (3.2ms)[0m  CREATE INDEX "index_comments_on_post_id" ON "comments" ("post_id")
  [1m[36mSQL (0.3ms)[0m  [1mINSERT INTO "schema_migrations" ("version") VALUES ($1)[0m  [["version", "20141222194607"]]
  [1m[35m (2.2ms)[0m  COMMIT
Migrating to DeviseCreateUsers (20141222230844)
  [1m[36m (0.4ms)[0m  [1mBEGIN[0m
  [1m[35m (12.7ms)[0m  CREATE TABLE "users" ("id" serial primary key, "email" character varying(255) DEFAULT '' NOT NULL, "encrypted_password" character varying(255) DEFAULT '' NOT NULL, "reset_password_token" character varying(255), "reset_password_sent_at" timestamp, "remember_created_at" timestamp, "sign_in_count" integer DEFAULT 0 NOT NULL, "current_sign_in_at" timestamp, "last_sign_in_at" timestamp, "current_sign_in_ip" character varying(255), "last_sign_in_ip" character varying(255), "created_at" timestamp, "updated_at" timestamp) 
  [1m[36m (3.0ms)[0m  [1mCREATE UNIQUE INDEX "index_users_on_email" ON "users" ("email")[0m
  [1m[35m (3.1ms)[0m  CREATE UNIQUE INDEX "index_users_on_reset_password_token" ON "users" ("reset_password_token")
  [1m[36mSQL (0.2ms)[0m  [1mINSERT INTO "schema_migrations" ("version") VALUES ($1)[0m  [["version", "20141222230844"]]
  [1m[35m (2.0ms)[0m  COMMIT
  [1m[36mActiveRecord::SchemaMigration Load (0.3ms)[0m  [1mSELECT "schema_migrations".* FROM "schema_migrations"[0m


Started GET "/" for 127.0.0.1 at 2015-12-18 05:46:38 -0500
  [1m[36mActiveRecord::SchemaMigration Load (0.6ms)[0m  [1mSELECT "schema_migrations".* FROM "schema_migrations"[0m
Processing by PostsController#index as HTML
  [1m[35mPost Load (4.6ms)[0m  SELECT "posts".* FROM "posts" ORDER BY created_at DESC
  Rendered posts/index.erb within layouts/application (9.9ms)
Completed 200 OK in 221ms (Views: 183.4ms | ActiveRecord: 4.6ms)


Started GET "/assets/application.css?body=1" for 127.0.0.1 at 2015-12-18 05:46:38 -0500


Started GET "/assets/jquery.js?body=1" for 127.0.0.1 at 2015-12-18 05:46:38 -0500


Started GET "/assets/comments.css?body=1" for 127.0.0.1 at 2015-12-18 05:46:38 -0500


Started GET "/assets/posts.css?body=1" for 127.0.0.1 at 2015-12-18 05:46:38 -0500


Started GET "/assets/_normalize.css?body=1" for 127.0.0.1 at 2015-12-18 05:46:39 -0500


Started GET "/assets/pages.css?body=1" for 127.0.0.1 at 2015-12-18 05:46:39 -0500


Started GET "/assets/jquery_ujs.js?body=1" for 127.0.0.1 at 2015-12-18 05:46:39 -0500


Started GET "/assets/turbolinks.js?body=1" for 127.0.0.1 at 2015-12-18 05:46:39 -0500


Started GET "/assets/comments.js?body=1" for 127.0.0.1 at 2015-12-18 05:46:39 -0500


Started GET "/assets/pages.js?body=1" for 127.0.0.1 at 2015-12-18 05:46:39 -0500


Started GET "/assets/posts.js?body=1" for 127.0.0.1 at 2015-12-18 05:46:39 -0500


Started GET "/assets/application.js?body=1" for 127.0.0.1 at 2015-12-18 05:46:39 -0500


Started GET "/" for 127.0.0.1 at 2015-12-18 09:25:57 -0500
  [1m[36mActiveRecord::SchemaMigration Load (2.0ms)[0m  [1mSELECT "schema_migrations".* FROM "schema_migrations"[0m
Processing by PostsController#index as HTML
  [1m[35mPost Load (1.1ms)[0m  SELECT "posts".* FROM "posts" ORDER BY created_at DESC
  Rendered posts/index.erb within layouts/application (5.7ms)
Completed 200 OK in 179ms (Views: 154.6ms | ActiveRecord: 1.1ms)


Started GET "/assets/application.css?body=1" for 127.0.0.1 at 2015-12-18 09:25:57 -0500


Started GET "/assets/jquery.js?body=1" for 127.0.0.1 at 2015-12-18 09:25:57 -0500


Started GET "/assets/posts.css?body=1" for 127.0.0.1 at 2015-12-18 09:25:57 -0500


Started GET "/assets/_normalize.css?body=1" for 127.0.0.1 at 2015-12-18 09:25:57 -0500


Started GET "/assets/comments.css?body=1" for 127.0.0.1 at 2015-12-18 09:25:57 -0500


Started GET "/assets/jquery_ujs.js?body=1" for 127.0.0.1 at 2015-12-18 09:25:57 -0500


Started GET "/assets/comments.js?body=1" for 127.0.0.1 at 2015-12-18 09:25:57 -0500


Started GET "/assets/pages.js?body=1" for 127.0.0.1 at 2015-12-18 09:25:57 -0500


Started GET "/assets/turbolinks.js?body=1" for 127.0.0.1 at 2015-12-18 09:25:57 -0500


Started GET "/assets/posts.js?body=1" for 127.0.0.1 at 2015-12-18 09:25:57 -0500


Started GET "/assets/application.js?body=1" for 127.0.0.1 at 2015-12-18 09:25:57 -0500


Started GET "/assets/pages.css?body=1" for 127.0.0.1 at 2015-12-18 09:25:57 -0500
